生成启动时间为 2013/8/18 12:10:02。
     1>项目“D:\WorkSpace\C++\win_sock_udp_client\win_sock_udp_client.vcxproj”在节点 2 上(build 个目标)。
     1>InitializeBuildStatus:
         正在对“Debug\win_sock_udp_client.unsuccessfulbuild”执行 Touch 任务。
       ClCompile:
         D:\Program Files\Microsoft Visual Studio 10.0\VC\bin\CL.exe /c /ZI /nologo /W3 /WX- /Od /Oy- /D WIN32 /D _DEBUG /D _CONSOLE /D _UNICODE /D UNICODE /Gm /EHsc /RTC1 /MDd /GS /fp:precise /Zc:wchar_t /Zc:forScope /Fo"Debug\\" /Fd"Debug\vc100.pdb" /Gd /TP /analyze- /errorReport:prompt win_sock_udp_client.cpp
         win_sock_udp_client.cpp
     1>d:\workspace\c++\win_sock_udp_client\win_sock_udp_client.cpp(36): warning C4996: 'gets': This function or variable may be unsafe. Consider using gets_s instead. To disable deprecation, use _CRT_SECURE_NO_WARNINGS. See online help for details.
                 d:\program files\microsoft visual studio 10.0\vc\include\stdio.h(277) : 参见“gets”的声明
     1>d:\workspace\c++\win_sock_udp_client\win_sock_udp_client.cpp(48): warning C4996: 'sprintf': This function or variable may be unsafe. Consider using sprintf_s instead. To disable deprecation, use _CRT_SECURE_NO_WARNINGS. See online help for details.
                 d:\program files\microsoft visual studio 10.0\vc\include\stdio.h(371) : 参见“sprintf”的声明
       ManifestResourceCompile:
         C:\Program Files (x86)\Microsoft SDKs\Windows\v7.0A\bin\rc.exe /nologo /fo"Debug\win_sock_udp_client.exe.embed.manifest.res" Debug\win_sock_udp_client_manifest.rc 
       Link:
         D:\Program Files\Microsoft Visual Studio 10.0\VC\bin\link.exe /ERRORREPORT:PROMPT /OUT:"D:\WorkSpace\C++\win_sock_udp_client\Debug\win_sock_udp_client.exe" /INCREMENTAL /NOLOGO kernel32.lib user32.lib gdi32.lib winspool.lib comdlg32.lib advapi32.lib shell32.lib ole32.lib oleaut32.lib uuid.lib odbc32.lib odbccp32.lib /MANIFEST /ManifestFile:"Debug\win_sock_udp_client.exe.intermediate.manifest" /MANIFESTUAC:"level='asInvoker' uiAccess='false'" /DEBUG /PDB:"D:\WorkSpace\C++\win_sock_udp_client\Debug\win_sock_udp_client.pdb" /SUBSYSTEM:CONSOLE /TLBID:1 /DYNAMICBASE /NXCOMPAT /IMPLIB:"D:\WorkSpace\C++\win_sock_udp_client\Debug\win_sock_udp_client.lib" /MACHINE:X86 Debug\win_sock_udp_client.exe.embed.manifest.res
         Debug\win_sock_udp_client.obj
       Manifest:
         C:\Program Files (x86)\Microsoft SDKs\Windows\v7.0A\bin\mt.exe /nologo /verbose /out:"Debug\win_sock_udp_client.exe.embed.manifest" /manifest Debug\win_sock_udp_client.exe.intermediate.manifest
         C:\Program Files (x86)\Microsoft SDKs\Windows\v7.0A\bin\rc.exe /nologo /fo"Debug\win_sock_udp_client.exe.embed.manifest.res" Debug\win_sock_udp_client_manifest.rc 
       LinkEmbedManifest:
         D:\Program Files\Microsoft Visual Studio 10.0\VC\bin\link.exe /ERRORREPORT:PROMPT /OUT:"D:\WorkSpace\C++\win_sock_udp_client\Debug\win_sock_udp_client.exe" /INCREMENTAL /NOLOGO kernel32.lib user32.lib gdi32.lib winspool.lib comdlg32.lib advapi32.lib shell32.lib ole32.lib oleaut32.lib uuid.lib odbc32.lib odbccp32.lib /MANIFEST /ManifestFile:"Debug\win_sock_udp_client.exe.intermediate.manifest" /MANIFESTUAC:"level='asInvoker' uiAccess='false'" /DEBUG /PDB:"D:\WorkSpace\C++\win_sock_udp_client\Debug\win_sock_udp_client.pdb" /SUBSYSTEM:CONSOLE /TLBID:1 /DYNAMICBASE /NXCOMPAT /IMPLIB:"D:\WorkSpace\C++\win_sock_udp_client\Debug\win_sock_udp_client.lib" /MACHINE:X86 Debug\win_sock_udp_client.exe.embed.manifest.res
         Debug\win_sock_udp_client.obj
         win_sock_udp_client.vcxproj -> D:\WorkSpace\C++\win_sock_udp_client\Debug\win_sock_udp_client.exe
       FinalizeBuildStatus:
         正在删除文件“Debug\win_sock_udp_client.unsuccessfulbuild”。
         正在对“Debug\win_sock_udp_client.lastbuildstate”执行 Touch 任务。
     1>已完成生成项目“D:\WorkSpace\C++\win_sock_udp_client\win_sock_udp_client.vcxproj”(build 个目标)的操作。

生成成功。

已用时间 00:00:01.49
